<?xml version="1.0" encoding="UTF-8"?>
<testsuite xmlns:xsi="http://www.w3.org/2001/XMLSchema-instance" xsi:noNamespaceSchemaLocation="https://maven.apache.org/surefire/maven-surefire-plugin/xsd/surefire-test-report-3.0.xsd" version="3.0" name="com.olimpus.security.SecurityApplicationTests" time="18.02" tests="1" errors="0" skipped="0" failures="0">
  <properties>
    <property name="java.specification.version" value="17"/>
    <property name="sun.cpu.isalist" value="amd64"/>
    <property name="sun.jnu.encoding" value="Cp1252"/>
    <property name="java.class.path" value="C:\Users\RUBEN\archetypes-java\ms-spring-sec\target\test-classes;C:\Users\RUBEN\archetypes-java\ms-spring-sec\target\classes;C:\Users\RUBEN\.m2\repository\org\springframework\boot\spring-boot-starter-data-jpa\3.1.0-RC1\spring-boot-starter-data-jpa-3.1.0-RC1.jar;C:\Users\RUBEN\.m2\repository\org\springframework\boot\spring-boot-starter-aop\3.1.0-RC1\spring-boot-starter-aop-3.1.0-RC1.jar;C:\Users\RUBEN\.m2\repository\org\aspectj\aspectjweaver\1.9.19\aspectjweaver-1.9.19.jar;C:\Users\RUBEN\.m2\repository\org\springframework\boot\spring-boot-starter-jdbc\3.1.0-RC1\spring-boot-starter-jdbc-3.1.0-RC1.jar;C:\Users\RUBEN\.m2\repository\com\zaxxer\HikariCP\5.0.1\HikariCP-5.0.1.jar;C:\Users\RUBEN\.m2\repository\org\springframework\spring-jdbc\6.0.8\spring-jdbc-6.0.8.jar;C:\Users\RUBEN\.m2\repository\org\hibernate\orm\hibernate-core\6.2.1.Final\hibernate-core-6.2.1.Final.jar;C:\Users\RUBEN\.m2\repository\jakarta\persistence\jakarta.persistence-api\3.1.0\jakarta.persistence-api-3.1.0.jar;C:\Users\RUBEN\.m2\repository\jakarta\transaction\jakarta.transaction-api\2.0.1\jakarta.transaction-api-2.0.1.jar;C:\Users\RUBEN\.m2\repository\org\jboss\logging\jboss-logging\3.5.0.Final\jboss-logging-3.5.0.Final.jar;C:\Users\RUBEN\.m2\repository\org\hibernate\common\hibernate-commons-annotations\6.0.6.Final\hibernate-commons-annotations-6.0.6.Final.jar;C:\Users\RUBEN\.m2\repository\io\smallrye\jandex\3.0.5\jandex-3.0.5.jar;C:\Users\RUBEN\.m2\repository\com\fasterxml\classmate\1.5.1\classmate-1.5.1.jar;C:\Users\RUBEN\.m2\repository\net\bytebuddy\byte-buddy\1.14.4\byte-buddy-1.14.4.jar;C:\Users\RUBEN\.m2\repository\org\glassfish\jaxb\jaxb-runtime\4.0.2\jaxb-runtime-4.0.2.jar;C:\Users\RUBEN\.m2\repository\org\glassfish\jaxb\jaxb-core\4.0.2\jaxb-core-4.0.2.jar;C:\Users\RUBEN\.m2\repository\org\eclipse\angus\angus-activation\2.0.0\angus-activation-2.0.0.jar;C:\Users\RUBEN\.m2\repository\org\glassfish\jaxb\txw2\4.0.2\txw2-4.0.2.jar;C:\Users\RUBEN\.m2\repository\com\sun\istack\istack-commons-runtime\4.1.1\istack-commons-runtime-4.1.1.jar;C:\Users\RUBEN\.m2\repository\jakarta\inject\jakarta.inject-api\2.0.1\jakarta.inject-api-2.0.1.jar;C:\Users\RUBEN\.m2\repository\org\antlr\antlr4-runtime\4.10.1\antlr4-runtime-4.10.1.jar;C:\Users\RUBEN\.m2\repository\org\springframework\data\spring-data-jpa\3.1.0-RC1\spring-data-jpa-3.1.0-RC1.jar;C:\Users\RUBEN\.m2\repository\org\springframework\data\spring-data-commons\3.1.0-RC1\spring-data-commons-3.1.0-RC1.jar;C:\Users\RUBEN\.m2\repository\org\springframework\spring-orm\6.0.8\spring-orm-6.0.8.jar;C:\Users\RUBEN\.m2\repository\org\springframework\spring-context\6.0.8\spring-context-6.0.8.jar;C:\Users\RUBEN\.m2\repository\org\springframework\spring-tx\6.0.8\spring-tx-6.0.8.jar;C:\Users\RUBEN\.m2\repository\org\springframework\spring-beans\6.0.8\spring-beans-6.0.8.jar;C:\Users\RUBEN\.m2\repository\jakarta\annotation\jakarta.annotation-api\2.1.1\jakarta.annotation-api-2.1.1.jar;C:\Users\RUBEN\.m2\repository\org\slf4j\slf4j-api\2.0.7\slf4j-api-2.0.7.jar;C:\Users\RUBEN\.m2\repository\org\springframework\spring-aspects\6.0.8\spring-aspects-6.0.8.jar;C:\Users\RUBEN\.m2\repository\org\springframework\boot\spring-boot-starter-security\3.1.0-RC1\spring-boot-starter-security-3.1.0-RC1.jar;C:\Users\RUBEN\.m2\repository\org\springframework\boot\spring-boot-starter\3.1.0-RC1\spring-boot-starter-3.1.0-RC1.jar;C:\Users\RUBEN\.m2\repository\org\springframework\boot\spring-boot-starter-logging\3.1.0-RC1\spring-boot-starter-logging-3.1.0-RC1.jar;C:\Users\RUBEN\.m2\repository\ch\qos\logback\logback-classic\1.4.7\logback-classic-1.4.7.jar;C:\Users\RUBEN\.m2\repository\ch\qos\logback\logback-core\1.4.7\logback-core-1.4.7.jar;C:\Users\RUBEN\.m2\repository\org\apache\logging\log4j\log4j-to-slf4j\2.20.0\log4j-to-slf4j-2.20.0.jar;C:\Users\RUBEN\.m2\repository\org\apache\logging\log4j\log4j-api\2.20.0\log4j-api-2.20.0.jar;C:\Users\RUBEN\.m2\repository\org\slf4j\jul-to-slf4j\2.0.7\jul-to-slf4j-2.0.7.jar;C:\Users\RUBEN\.m2\repository\org\yaml\snakeyaml\1.33\snakeyaml-1.33.jar;C:\Users\RUBEN\.m2\repository\org\springframework\spring-aop\6.0.8\spring-aop-6.0.8.jar;C:\Users\RUBEN\.m2\repository\org\springframework\security\spring-security-config\6.1.0-RC1\spring-security-config-6.1.0-RC1.jar;C:\Users\RUBEN\.m2\repository\org\springframework\security\spring-security-web\6.1.0-RC1\spring-security-web-6.1.0-RC1.jar;C:\Users\RUBEN\.m2\repository\org\springframework\spring-expression\6.0.8\spring-expression-6.0.8.jar;C:\Users\RUBEN\.m2\repository\org\springframework\boot\spring-boot-starter-web\3.1.0-RC1\spring-boot-starter-web-3.1.0-RC1.jar;C:\Users\RUBEN\.m2\repository\org\springframework\boot\spring-boot-starter-json\3.1.0-RC1\spring-boot-starter-json-3.1.0-RC1.jar;C:\Users\RUBEN\.m2\repository\com\fasterxml\jackson\datatype\jackson-datatype-jdk8\2.15.0-rc3\jackson-datatype-jdk8-2.15.0-rc3.jar;C:\Users\RUBEN\.m2\repository\com\fasterxml\jackson\datatype\jackson-datatype-jsr310\2.15.0-rc3\jackson-datatype-jsr310-2.15.0-rc3.jar;C:\Users\RUBEN\.m2\repository\com\fasterxml\jackson\module\jackson-module-parameter-names\2.15.0-rc3\jackson-module-parameter-names-2.15.0-rc3.jar;C:\Users\RUBEN\.m2\repository\org\springframework\boot\spring-boot-starter-tomcat\3.1.0-RC1\spring-boot-starter-tomcat-3.1.0-RC1.jar;C:\Users\RUBEN\.m2\repository\org\apache\tomcat\embed\tomcat-embed-core\10.1.8\tomcat-embed-core-10.1.8.jar;C:\Users\RUBEN\.m2\repository\org\apache\tomcat\embed\tomcat-embed-el\10.1.8\tomcat-embed-el-10.1.8.jar;C:\Users\RUBEN\.m2\repository\org\apache\tomcat\embed\tomcat-embed-websocket\10.1.8\tomcat-embed-websocket-10.1.8.jar;C:\Users\RUBEN\.m2\repository\org\springframework\spring-web\6.0.8\spring-web-6.0.8.jar;C:\Users\RUBEN\.m2\repository\io\micrometer\micrometer-observation\1.11.0-RC1\micrometer-observation-1.11.0-RC1.jar;C:\Users\RUBEN\.m2\repository\io\micrometer\micrometer-commons\1.11.0-RC1\micrometer-commons-1.11.0-RC1.jar;C:\Users\RUBEN\.m2\repository\org\springframework\spring-webmvc\6.0.8\spring-webmvc-6.0.8.jar;C:\Users\RUBEN\.m2\repository\com\h2database\h2\2.1.214\h2-2.1.214.jar;C:\Users\RUBEN\.m2\repository\org\apache\commons\commons-lang3\3.12.0\commons-lang3-3.12.0.jar;C:\Users\RUBEN\.m2\repository\org\projectlombok\lombok\1.18.26\lombok-1.18.26.jar;C:\Users\RUBEN\.m2\repository\io\jsonwebtoken\jjwt-api\0.11.5\jjwt-api-0.11.5.jar;C:\Users\RUBEN\.m2\repository\io\jsonwebtoken\jjwt-impl\0.11.5\jjwt-impl-0.11.5.jar;C:\Users\RUBEN\.m2\repository\io\jsonwebtoken\jjwt-jackson\0.11.5\jjwt-jackson-0.11.5.jar;C:\Users\RUBEN\.m2\repository\com\fasterxml\jackson\core\jackson-databind\2.15.0-rc3\jackson-databind-2.15.0-rc3.jar;C:\Users\RUBEN\.m2\repository\com\fasterxml\jackson\core\jackson-annotations\2.15.0-rc3\jackson-annotations-2.15.0-rc3.jar;C:\Users\RUBEN\.m2\repository\com\fasterxml\jackson\core\jackson-core\2.15.0-rc3\jackson-core-2.15.0-rc3.jar;C:\Users\RUBEN\.m2\repository\org\springframework\boot\spring-boot-starter-test\3.1.0-RC1\spring-boot-starter-test-3.1.0-RC1.jar;C:\Users\RUBEN\.m2\repository\org\springframework\boot\spring-boot-test\3.1.0-RC1\spring-boot-test-3.1.0-RC1.jar;C:\Users\RUBEN\.m2\repository\org\springframework\boot\spring-boot-test-autoconfigure\3.1.0-RC1\spring-boot-test-autoconfigure-3.1.0-RC1.jar;C:\Users\RUBEN\.m2\repository\com\jayway\jsonpath\json-path\2.8.0\json-path-2.8.0.jar;C:\Users\RUBEN\.m2\repository\jakarta\xml\bind\jakarta.xml.bind-api\4.0.0\jakarta.xml.bind-api-4.0.0.jar;C:\Users\RUBEN\.m2\repository\jakarta\activation\jakarta.activation-api\2.1.1\jakarta.activation-api-2.1.1.jar;C:\Users\RUBEN\.m2\repository\net\minidev\json-smart\2.4.10\json-smart-2.4.10.jar;C:\Users\RUBEN\.m2\repository\net\minidev\accessors-smart\2.4.9\accessors-smart-2.4.9.jar;C:\Users\RUBEN\.m2\repository\org\ow2\asm\asm\9.3\asm-9.3.jar;C:\Users\RUBEN\.m2\repository\org\assertj\assertj-core\3.24.2\assertj-core-3.24.2.jar;C:\Users\RUBEN\.m2\repository\org\hamcrest\hamcrest\2.2\hamcrest-2.2.jar;C:\Users\RUBEN\.m2\repository\org\junit\jupiter\junit-jupiter\5.9.2\junit-jupiter-5.9.2.jar;C:\Users\RUBEN\.m2\repository\org\junit\jupiter\junit-jupiter-api\5.9.2\junit-jupiter-api-5.9.2.jar;C:\Users\RUBEN\.m2\repository\org\opentest4j\opentest4j\1.2.0\opentest4j-1.2.0.jar;C:\Users\RUBEN\.m2\repository\org\junit\platform\junit-platform-commons\1.9.2\junit-platform-commons-1.9.2.jar;C:\Users\RUBEN\.m2\repository\org\apiguardian\apiguardian-api\1.1.2\apiguardian-api-1.1.2.jar;C:\Users\RUBEN\.m2\repository\org\junit\jupiter\junit-jupiter-params\5.9.2\junit-jupiter-params-5.9.2.jar;C:\Users\RUBEN\.m2\repository\org\junit\jupiter\junit-jupiter-engine\5.9.2\junit-jupiter-engine-5.9.2.jar;C:\Users\RUBEN\.m2\repository\org\junit\platform\junit-platform-engine\1.9.2\junit-platform-engine-1.9.2.jar;C:\Users\RUBEN\.m2\repository\org\mockito\mockito-core\5.3.0\mockito-core-5.3.0.jar;C:\Users\RUBEN\.m2\repository\net\bytebuddy\byte-buddy-agent\1.14.4\byte-buddy-agent-1.14.4.jar;C:\Users\RUBEN\.m2\repository\org\objenesis\objenesis\3.3\objenesis-3.3.jar;C:\Users\RUBEN\.m2\repository\org\mockito\mockito-junit-jupiter\5.3.0\mockito-junit-jupiter-5.3.0.jar;C:\Users\RUBEN\.m2\repository\org\skyscreamer\jsonassert\1.5.1\jsonassert-1.5.1.jar;C:\Users\RUBEN\.m2\repository\com\vaadin\external\google\android-json\0.0.20131108.vaadin1\android-json-0.0.20131108.vaadin1.jar;C:\Users\RUBEN\.m2\repository\org\springframework\spring-core\6.0.8\spring-core-6.0.8.jar;C:\Users\RUBEN\.m2\repository\org\springframework\spring-jcl\6.0.8\spring-jcl-6.0.8.jar;C:\Users\RUBEN\.m2\repository\org\springframework\spring-test\6.0.8\spring-test-6.0.8.jar;C:\Users\RUBEN\.m2\repository\org\xmlunit\xmlunit-core\2.9.1\xmlunit-core-2.9.1.jar;C:\Users\RUBEN\.m2\repository\org\springframework\security\spring-security-test\6.1.0-RC1\spring-security-test-6.1.0-RC1.jar;C:\Users\RUBEN\.m2\repository\org\springframework\security\spring-security-core\6.1.0-RC1\spring-security-core-6.1.0-RC1.jar;C:\Users\RUBEN\.m2\repository\org\springframework\security\spring-security-crypto\6.1.0-RC1\spring-security-crypto-6.1.0-RC1.jar;C:\Users\RUBEN\.m2\repository\org\springdoc\springdoc-openapi-starter-webmvc-ui\2.0.2\springdoc-openapi-starter-webmvc-ui-2.0.2.jar;C:\Users\RUBEN\.m2\repository\org\springdoc\springdoc-openapi-starter-webmvc-api\2.0.2\springdoc-openapi-starter-webmvc-api-2.0.2.jar;C:\Users\RUBEN\.m2\repository\org\springdoc\springdoc-openapi-starter-common\2.0.2\springdoc-openapi-starter-common-2.0.2.jar;C:\Users\RUBEN\.m2\repository\io\swagger\core\v3\swagger-core-jakarta\2.2.7\swagger-core-jakarta-2.2.7.jar;C:\Users\RUBEN\.m2\repository\io\swagger\core\v3\swagger-annotations-jakarta\2.2.7\swagger-annotations-jakarta-2.2.7.jar;C:\Users\RUBEN\.m2\repository\io\swagger\core\v3\swagger-models-jakarta\2.2.7\swagger-models-jakarta-2.2.7.jar;C:\Users\RUBEN\.m2\repository\jakarta\validation\jakarta.validation-api\3.0.2\jakarta.validation-api-3.0.2.jar;C:\Users\RUBEN\.m2\repository\com\fasterxml\jackson\dataformat\jackson-dataformat-yaml\2.15.0-rc3\jackson-dataformat-yaml-2.15.0-rc3.jar;C:\Users\RUBEN\.m2\repository\org\webjars\swagger-ui\4.15.5\swagger-ui-4.15.5.jar;C:\Users\RUBEN\.m2\repository\org\webjars\webjars-locator-core\0.52\webjars-locator-core-0.52.jar;C:\Users\RUBEN\.m2\repository\io\github\classgraph\classgraph\4.8.149\classgraph-4.8.149.jar;C:\Users\RUBEN\.m2\repository\org\springframework\boot\spring-boot-devtools\3.1.0-RC1\spring-boot-devtools-3.1.0-RC1.jar;C:\Users\RUBEN\.m2\repository\org\springframework\boot\spring-boot\3.1.0-RC1\spring-boot-3.1.0-RC1.jar;C:\Users\RUBEN\.m2\repository\org\springframework\boot\spring-boot-autoconfigure\3.1.0-RC1\spring-boot-autoconfigure-3.1.0-RC1.jar;"/>
    <property name="java.vm.vendor" value="Eclipse Adoptium"/>
    <property name="sun.arch.data.model" value="64"/>
    <property name="user.variant" value=""/>
    <property name="java.vendor.url" value="https://adoptium.net/"/>
    <property name="user.timezone" value="America/Bogota"/>
    <property name="org.jboss.logging.provider" value="slf4j"/>
    <property name="os.name" value="Windows 10"/>
    <property name="java.vm.specification.version" value="17"/>
    <property name="sun.java.launcher" value="SUN_STANDARD"/>
    <property name="user.country" value="CO"/>
    <property name="sun.boot.library.path" value="C:\Programas\eclipse-jee-2023-12-R-win32-x86_64\eclipse\plugins\org.eclipse.justj.openjdk.hotspot.jre.full.win32.x86_64_17.0.9.v20231028-0858\jre\bin"/>
    <property name="sun.java.command" value="C:\Users\RUBEN\AppData\Local\Temp\surefire7801086388314686273\surefirebooter-20240301123702557_3.jar C:\Users\RUBEN\AppData\Local\Temp\surefire7801086388314686273 2024-03-01T12-37-02_189-jvmRun1 surefire-20240301123702557_1tmp surefire_0-20240301123702557_2tmp"/>
    <property name="jdk.debug" value="release"/>
    <property name="surefire.test.class.path" value="C:\Users\RUBEN\archetypes-java\ms-spring-sec\target\test-classes;C:\Users\RUBEN\archetypes-java\ms-spring-sec\target\classes;C:\Users\RUBEN\.m2\repository\org\springframework\boot\spring-boot-starter-data-jpa\3.1.0-RC1\spring-boot-starter-data-jpa-3.1.0-RC1.jar;C:\Users\RUBEN\.m2\repository\org\springframework\boot\spring-boot-starter-aop\3.1.0-RC1\spring-boot-starter-aop-3.1.0-RC1.jar;C:\Users\RUBEN\.m2\repository\org\aspectj\aspectjweaver\1.9.19\aspectjweaver-1.9.19.jar;C:\Users\RUBEN\.m2\repository\org\springframework\boot\spring-boot-starter-jdbc\3.1.0-RC1\spring-boot-starter-jdbc-3.1.0-RC1.jar;C:\Users\RUBEN\.m2\repository\com\zaxxer\HikariCP\5.0.1\HikariCP-5.0.1.jar;C:\Users\RUBEN\.m2\repository\org\springframework\spring-jdbc\6.0.8\spring-jdbc-6.0.8.jar;C:\Users\RUBEN\.m2\repository\org\hibernate\orm\hibernate-core\6.2.1.Final\hibernate-core-6.2.1.Final.jar;C:\Users\RUBEN\.m2\repository\jakarta\persistence\jakarta.persistence-api\3.1.0\jakarta.persistence-api-3.1.0.jar;C:\Users\RUBEN\.m2\repository\jakarta\transaction\jakarta.transaction-api\2.0.1\jakarta.transaction-api-2.0.1.jar;C:\Users\RUBEN\.m2\repository\org\jboss\logging\jboss-logging\3.5.0.Final\jboss-logging-3.5.0.Final.jar;C:\Users\RUBEN\.m2\repository\org\hibernate\common\hibernate-commons-annotations\6.0.6.Final\hibernate-commons-annotations-6.0.6.Final.jar;C:\Users\RUBEN\.m2\repository\io\smallrye\jandex\3.0.5\jandex-3.0.5.jar;C:\Users\RUBEN\.m2\repository\com\fasterxml\classmate\1.5.1\classmate-1.5.1.jar;C:\Users\RUBEN\.m2\repository\net\bytebuddy\byte-buddy\1.14.4\byte-buddy-1.14.4.jar;C:\Users\RUBEN\.m2\repository\org\glassfish\jaxb\jaxb-runtime\4.0.2\jaxb-runtime-4.0.2.jar;C:\Users\RUBEN\.m2\repository\org\glassfish\jaxb\jaxb-core\4.0.2\jaxb-core-4.0.2.jar;C:\Users\RUBEN\.m2\repository\org\eclipse\angus\angus-activation\2.0.0\angus-activation-2.0.0.jar;C:\Users\RUBEN\.m2\repository\org\glassfish\jaxb\txw2\4.0.2\txw2-4.0.2.jar;C:\Users\RUBEN\.m2\repository\com\sun\istack\istack-commons-runtime\4.1.1\istack-commons-runtime-4.1.1.jar;C:\Users\RUBEN\.m2\repository\jakarta\inject\jakarta.inject-api\2.0.1\jakarta.inject-api-2.0.1.jar;C:\Users\RUBEN\.m2\repository\org\antlr\antlr4-runtime\4.10.1\antlr4-runtime-4.10.1.jar;C:\Users\RUBEN\.m2\repository\org\springframework\data\spring-data-jpa\3.1.0-RC1\spring-data-jpa-3.1.0-RC1.jar;C:\Users\RUBEN\.m2\repository\org\springframework\data\spring-data-commons\3.1.0-RC1\spring-data-commons-3.1.0-RC1.jar;C:\Users\RUBEN\.m2\repository\org\springframework\spring-orm\6.0.8\spring-orm-6.0.8.jar;C:\Users\RUBEN\.m2\repository\org\springframework\spring-context\6.0.8\spring-context-6.0.8.jar;C:\Users\RUBEN\.m2\repository\org\springframework\spring-tx\6.0.8\spring-tx-6.0.8.jar;C:\Users\RUBEN\.m2\repository\org\springframework\spring-beans\6.0.8\spring-beans-6.0.8.jar;C:\Users\RUBEN\.m2\repository\jakarta\annotation\jakarta.annotation-api\2.1.1\jakarta.annotation-api-2.1.1.jar;C:\Users\RUBEN\.m2\repository\org\slf4j\slf4j-api\2.0.7\slf4j-api-2.0.7.jar;C:\Users\RUBEN\.m2\repository\org\springframework\spring-aspects\6.0.8\spring-aspects-6.0.8.jar;C:\Users\RUBEN\.m2\repository\org\springframework\boot\spring-boot-starter-security\3.1.0-RC1\spring-boot-starter-security-3.1.0-RC1.jar;C:\Users\RUBEN\.m2\repository\org\springframework\boot\spring-boot-starter\3.1.0-RC1\spring-boot-starter-3.1.0-RC1.jar;C:\Users\RUBEN\.m2\repository\org\springframework\boot\spring-boot-starter-logging\3.1.0-RC1\spring-boot-starter-logging-3.1.0-RC1.jar;C:\Users\RUBEN\.m2\repository\ch\qos\logback\logback-classic\1.4.7\logback-classic-1.4.7.jar;C:\Users\RUBEN\.m2\repository\ch\qos\logback\logback-core\1.4.7\logback-core-1.4.7.jar;C:\Users\RUBEN\.m2\repository\org\apache\logging\log4j\log4j-to-slf4j\2.20.0\log4j-to-slf4j-2.20.0.jar;C:\Users\RUBEN\.m2\repository\org\apache\logging\log4j\log4j-api\2.20.0\log4j-api-2.20.0.jar;C:\Users\RUBEN\.m2\repository\org\slf4j\jul-to-slf4j\2.0.7\jul-to-slf4j-2.0.7.jar;C:\Users\RUBEN\.m2\repository\org\yaml\snakeyaml\1.33\snakeyaml-1.33.jar;C:\Users\RUBEN\.m2\repository\org\springframework\spring-aop\6.0.8\spring-aop-6.0.8.jar;C:\Users\RUBEN\.m2\repository\org\springframework\security\spring-security-config\6.1.0-RC1\spring-security-config-6.1.0-RC1.jar;C:\Users\RUBEN\.m2\repository\org\springframework\security\spring-security-web\6.1.0-RC1\spring-security-web-6.1.0-RC1.jar;C:\Users\RUBEN\.m2\repository\org\springframework\spring-expression\6.0.8\spring-expression-6.0.8.jar;C:\Users\RUBEN\.m2\repository\org\springframework\boot\spring-boot-starter-web\3.1.0-RC1\spring-boot-starter-web-3.1.0-RC1.jar;C:\Users\RUBEN\.m2\repository\org\springframework\boot\spring-boot-starter-json\3.1.0-RC1\spring-boot-starter-json-3.1.0-RC1.jar;C:\Users\RUBEN\.m2\repository\com\fasterxml\jackson\datatype\jackson-datatype-jdk8\2.15.0-rc3\jackson-datatype-jdk8-2.15.0-rc3.jar;C:\Users\RUBEN\.m2\repository\com\fasterxml\jackson\datatype\jackson-datatype-jsr310\2.15.0-rc3\jackson-datatype-jsr310-2.15.0-rc3.jar;C:\Users\RUBEN\.m2\repository\com\fasterxml\jackson\module\jackson-module-parameter-names\2.15.0-rc3\jackson-module-parameter-names-2.15.0-rc3.jar;C:\Users\RUBEN\.m2\repository\org\springframework\boot\spring-boot-starter-tomcat\3.1.0-RC1\spring-boot-starter-tomcat-3.1.0-RC1.jar;C:\Users\RUBEN\.m2\repository\org\apache\tomcat\embed\tomcat-embed-core\10.1.8\tomcat-embed-core-10.1.8.jar;C:\Users\RUBEN\.m2\repository\org\apache\tomcat\embed\tomcat-embed-el\10.1.8\tomcat-embed-el-10.1.8.jar;C:\Users\RUBEN\.m2\repository\org\apache\tomcat\embed\tomcat-embed-websocket\10.1.8\tomcat-embed-websocket-10.1.8.jar;C:\Users\RUBEN\.m2\repository\org\springframework\spring-web\6.0.8\spring-web-6.0.8.jar;C:\Users\RUBEN\.m2\repository\io\micrometer\micrometer-observation\1.11.0-RC1\micrometer-observation-1.11.0-RC1.jar;C:\Users\RUBEN\.m2\repository\io\micrometer\micrometer-commons\1.11.0-RC1\micrometer-commons-1.11.0-RC1.jar;C:\Users\RUBEN\.m2\repository\org\springframework\spring-webmvc\6.0.8\spring-webmvc-6.0.8.jar;C:\Users\RUBEN\.m2\repository\com\h2database\h2\2.1.214\h2-2.1.214.jar;C:\Users\RUBEN\.m2\repository\org\apache\commons\commons-lang3\3.12.0\commons-lang3-3.12.0.jar;C:\Users\RUBEN\.m2\repository\org\projectlombok\lombok\1.18.26\lombok-1.18.26.jar;C:\Users\RUBEN\.m2\repository\io\jsonwebtoken\jjwt-api\0.11.5\jjwt-api-0.11.5.jar;C:\Users\RUBEN\.m2\repository\io\jsonwebtoken\jjwt-impl\0.11.5\jjwt-impl-0.11.5.jar;C:\Users\RUBEN\.m2\repository\io\jsonwebtoken\jjwt-jackson\0.11.5\jjwt-jackson-0.11.5.jar;C:\Users\RUBEN\.m2\repository\com\fasterxml\jackson\core\jackson-databind\2.15.0-rc3\jackson-databind-2.15.0-rc3.jar;C:\Users\RUBEN\.m2\repository\com\fasterxml\jackson\core\jackson-annotations\2.15.0-rc3\jackson-annotations-2.15.0-rc3.jar;C:\Users\RUBEN\.m2\repository\com\fasterxml\jackson\core\jackson-core\2.15.0-rc3\jackson-core-2.15.0-rc3.jar;C:\Users\RUBEN\.m2\repository\org\springframework\boot\spring-boot-starter-test\3.1.0-RC1\spring-boot-starter-test-3.1.0-RC1.jar;C:\Users\RUBEN\.m2\repository\org\springframework\boot\spring-boot-test\3.1.0-RC1\spring-boot-test-3.1.0-RC1.jar;C:\Users\RUBEN\.m2\repository\org\springframework\boot\spring-boot-test-autoconfigure\3.1.0-RC1\spring-boot-test-autoconfigure-3.1.0-RC1.jar;C:\Users\RUBEN\.m2\repository\com\jayway\jsonpath\json-path\2.8.0\json-path-2.8.0.jar;C:\Users\RUBEN\.m2\repository\jakarta\xml\bind\jakarta.xml.bind-api\4.0.0\jakarta.xml.bind-api-4.0.0.jar;C:\Users\RUBEN\.m2\repository\jakarta\activation\jakarta.activation-api\2.1.1\jakarta.activation-api-2.1.1.jar;C:\Users\RUBEN\.m2\repository\net\minidev\json-smart\2.4.10\json-smart-2.4.10.jar;C:\Users\RUBEN\.m2\repository\net\minidev\accessors-smart\2.4.9\accessors-smart-2.4.9.jar;C:\Users\RUBEN\.m2\repository\org\ow2\asm\asm\9.3\asm-9.3.jar;C:\Users\RUBEN\.m2\repository\org\assertj\assertj-core\3.24.2\assertj-core-3.24.2.jar;C:\Users\RUBEN\.m2\repository\org\hamcrest\hamcrest\2.2\hamcrest-2.2.jar;C:\Users\RUBEN\.m2\repository\org\junit\jupiter\junit-jupiter\5.9.2\junit-jupiter-5.9.2.jar;C:\Users\RUBEN\.m2\repository\org\junit\jupiter\junit-jupiter-api\5.9.2\junit-jupiter-api-5.9.2.jar;C:\Users\RUBEN\.m2\repository\org\opentest4j\opentest4j\1.2.0\opentest4j-1.2.0.jar;C:\Users\RUBEN\.m2\repository\org\junit\platform\junit-platform-commons\1.9.2\junit-platform-commons-1.9.2.jar;C:\Users\RUBEN\.m2\repository\org\apiguardian\apiguardian-api\1.1.2\apiguardian-api-1.1.2.jar;C:\Users\RUBEN\.m2\repository\org\junit\jupiter\junit-jupiter-params\5.9.2\junit-jupiter-params-5.9.2.jar;C:\Users\RUBEN\.m2\repository\org\junit\jupiter\junit-jupiter-engine\5.9.2\junit-jupiter-engine-5.9.2.jar;C:\Users\RUBEN\.m2\repository\org\junit\platform\junit-platform-engine\1.9.2\junit-platform-engine-1.9.2.jar;C:\Users\RUBEN\.m2\repository\org\mockito\mockito-core\5.3.0\mockito-core-5.3.0.jar;C:\Users\RUBEN\.m2\repository\net\bytebuddy\byte-buddy-agent\1.14.4\byte-buddy-agent-1.14.4.jar;C:\Users\RUBEN\.m2\repository\org\objenesis\objenesis\3.3\objenesis-3.3.jar;C:\Users\RUBEN\.m2\repository\org\mockito\mockito-junit-jupiter\5.3.0\mockito-junit-jupiter-5.3.0.jar;C:\Users\RUBEN\.m2\repository\org\skyscreamer\jsonassert\1.5.1\jsonassert-1.5.1.jar;C:\Users\RUBEN\.m2\repository\com\vaadin\external\google\android-json\0.0.20131108.vaadin1\android-json-0.0.20131108.vaadin1.jar;C:\Users\RUBEN\.m2\repository\org\springframework\spring-core\6.0.8\spring-core-6.0.8.jar;C:\Users\RUBEN\.m2\repository\org\springframework\spring-jcl\6.0.8\spring-jcl-6.0.8.jar;C:\Users\RUBEN\.m2\repository\org\springframework\spring-test\6.0.8\spring-test-6.0.8.jar;C:\Users\RUBEN\.m2\repository\org\xmlunit\xmlunit-core\2.9.1\xmlunit-core-2.9.1.jar;C:\Users\RUBEN\.m2\repository\org\springframework\security\spring-security-test\6.1.0-RC1\spring-security-test-6.1.0-RC1.jar;C:\Users\RUBEN\.m2\repository\org\springframework\security\spring-security-core\6.1.0-RC1\spring-security-core-6.1.0-RC1.jar;C:\Users\RUBEN\.m2\repository\org\springframework\security\spring-security-crypto\6.1.0-RC1\spring-security-crypto-6.1.0-RC1.jar;C:\Users\RUBEN\.m2\repository\org\springdoc\springdoc-openapi-starter-webmvc-ui\2.0.2\springdoc-openapi-starter-webmvc-ui-2.0.2.jar;C:\Users\RUBEN\.m2\repository\org\springdoc\springdoc-openapi-starter-webmvc-api\2.0.2\springdoc-openapi-starter-webmvc-api-2.0.2.jar;C:\Users\RUBEN\.m2\repository\org\springdoc\springdoc-openapi-starter-common\2.0.2\springdoc-openapi-starter-common-2.0.2.jar;C:\Users\RUBEN\.m2\repository\io\swagger\core\v3\swagger-core-jakarta\2.2.7\swagger-core-jakarta-2.2.7.jar;C:\Users\RUBEN\.m2\repository\io\swagger\core\v3\swagger-annotations-jakarta\2.2.7\swagger-annotations-jakarta-2.2.7.jar;C:\Users\RUBEN\.m2\repository\io\swagger\core\v3\swagger-models-jakarta\2.2.7\swagger-models-jakarta-2.2.7.jar;C:\Users\RUBEN\.m2\repository\jakarta\validation\jakarta.validation-api\3.0.2\jakarta.validation-api-3.0.2.jar;C:\Users\RUBEN\.m2\repository\com\fasterxml\jackson\dataformat\jackson-dataformat-yaml\2.15.0-rc3\jackson-dataformat-yaml-2.15.0-rc3.jar;C:\Users\RUBEN\.m2\repository\org\webjars\swagger-ui\4.15.5\swagger-ui-4.15.5.jar;C:\Users\RUBEN\.m2\repository\org\webjars\webjars-locator-core\0.52\webjars-locator-core-0.52.jar;C:\Users\RUBEN\.m2\repository\io\github\classgraph\classgraph\4.8.149\classgraph-4.8.149.jar;C:\Users\RUBEN\.m2\repository\org\springframework\boot\spring-boot-devtools\3.1.0-RC1\spring-boot-devtools-3.1.0-RC1.jar;C:\Users\RUBEN\.m2\repository\org\springframework\boot\spring-boot\3.1.0-RC1\spring-boot-3.1.0-RC1.jar;C:\Users\RUBEN\.m2\repository\org\springframework\boot\spring-boot-autoconfigure\3.1.0-RC1\spring-boot-autoconfigure-3.1.0-RC1.jar;"/>
    <property name="sun.cpu.endian" value="little"/>
    <property name="user.home" value="C:\Users\RUBEN"/>
    <property name="user.language" value="es"/>
    <property name="java.specification.vendor" value="Oracle Corporation"/>
    <property name="java.version.date" value="2023-10-17"/>
    <property name="java.home" value="C:\Programas\eclipse-jee-2023-12-R-win32-x86_64\eclipse\plugins\org.eclipse.justj.openjdk.hotspot.jre.full.win32.x86_64_17.0.9.v20231028-0858\jre"/>
    <property name="file.separator" value="\"/>
    <property name="style.color" value="always"/>
    <property name="basedir" value="C:\Users\RUBEN\archetypes-java\ms-spring-sec"/>
    <property name="java.vm.compressedOopsMode" value="Zero based"/>
    <property name="line.separator" value="&#10;"/>
    <property name="java.vm.specification.vendor" value="Oracle Corporation"/>
    <property name="java.specification.name" value="Java Platform API Specification"/>
    <property name="FILE_LOG_CHARSET" value="windows-1252"/>
    <property name="java.awt.headless" value="true"/>
    <property name="surefire.real.class.path" value="C:\Users\RUBEN\AppData\Local\Temp\surefire7801086388314686273\surefirebooter-20240301123702557_3.jar"/>
    <property name="user.script" value=""/>
    <property name="sun.management.compiler" value="HotSpot 64-Bit Tiered Compilers"/>
    <property name="java.runtime.version" value="17.0.9+9"/>
    <property name="user.name" value="RUBEN"/>
    <property name="path.separator" value=";"/>
    <property name="os.version" value="10.0"/>
    <property name="java.runtime.name" value="OpenJDK Runtime Environment"/>
    <property name="file.encoding" value="Cp1252"/>
    <property name="java.vm.name" value="OpenJDK 64-Bit Server VM"/>
    <property name="java.vendor.version" value="Temurin-17.0.9+9"/>
    <property name="localRepository" value="C:\Users\RUBEN\.m2\repository"/>
    <property name="java.vendor.url.bug" value="https://github.com/adoptium/adoptium-support/issues"/>
    <property name="java.io.tmpdir" value="C:\Users\RUBEN\AppData\Local\Temp\"/>
    <property name="com.zaxxer.hikari.pool_number" value="1"/>
    <property name="java.version" value="17.0.9"/>
    <property name="user.dir" value="C:\Users\RUBEN\archetypes-java\ms-spring-sec"/>
    <property name="os.arch" value="amd64"/>
    <property name="java.vm.specification.name" value="Java Virtual Machine Specification"/>
    <property name="PID" value="9012"/>
    <property name="sun.os.patch.level" value=""/>
    <property name="CONSOLE_LOG_CHARSET" value="windows-1252"/>
    <property name="native.encoding" value="Cp1252"/>
    <property name="java.library.path" value="C:\Programas\eclipse-jee-2023-12-R-win32-x86_64\eclipse\plugins\org.eclipse.justj.openjdk.hotspot.jre.full.win32.x86_64_17.0.9.v20231028-0858\jre\bin;C:\WINDOWS\Sun\Java\bin;C:\WINDOWS\system32;C:\WINDOWS;C:/Programas/eclipse-jee-2023-12-R-win32-x86_64/eclipse//plugins/org.eclipse.justj.openjdk.hotspot.jre.full.win32.x86_64_17.0.9.v20231028-0858/jre/bin/server;C:/Programas/eclipse-jee-2023-12-R-win32-x86_64/eclipse//plugins/org.eclipse.justj.openjdk.hotspot.jre.full.win32.x86_64_17.0.9.v20231028-0858/jre/bin;C:\MMSAutomation\versions\bin;C:\Python311\Scripts\;C:\Python311\;C:\Programas\wget;C:\Programas\gradle-7.6\bin;%MAVEN%;C:\Program Files\Java\jdk-11.0.17+8\bin;C:\WINDOWS\system32;C:\WINDOWS;C:\WINDOWS\System32\Wbem;C:\WINDOWS\System32\WindowsPowerShell\v1.0\;C:\WINDOWS\System32\OpenSSH\;C:\apache-maven-3.6.3\bin;C:\Program Files\Git\cmd;C:\Program Files\Amazon\AWSCLI\;C:\Program Files\Amazon\AWSSAMCLI\bin\;C:\Programas\flutter_windows_1.22.5-stable\flutter\bin\;C:\Users\RUBEN\AppData\Roaming\nvm;C:\Program Files\nodejs;C:\Gradle\gradle-7.0.2\bin;C:\Programas\platform-tools_r31.0.2-windows\platform-tools;C:\Program Files\nodejs\;C:\ProgramData\chocolatey\bin;;C:\Program Files\Docker\Docker\resources\bin;C:\Program Files\MySQL\MySQL Shell 8.0\bin\;C:\Users\RUBEN\AppData\Local\Microsoft\WindowsApps;C:\Users\RUBEN\AppData\Local\Programs\Microsoft VS Code\bin;C:\Users\RUBEN\AppData\Roaming\nvm;C:\Program Files\nodejs;C:\Program Files\JetBrains\IntelliJ IDEA Community Edition 2022.3\bin;;C:\Users\RUBEN\AppData\Local\GitHubDesktop\bin;C:\Users\RUBEN\AppData\Roaming\npm;;C:\Programas\eclipse-jee-2023-12-R-win32-x86_64\eclipse;;."/>
    <property name="java.vm.info" value="mixed mode"/>
    <property name="java.vendor" value="Eclipse Adoptium"/>
    <property name="java.vm.version" value="17.0.9+9"/>
    <property name="sun.io.unicode.encoding" value="UnicodeLittle"/>
    <property name="java.class.version" value="61.0"/>
  </properties>
  <testcase name="contextLoads" classname="com.olimpus.security.SecurityApplicationTests" time="1.158">
    <system-out><![CDATA[12:37:04.596 [main] DEBUG org.springframework.boot.test.context.SpringBootTestContextBootstrapper -- Neither @ContextConfiguration nor @ContextHierarchy found for test class [SecurityApplicationTests]: using SpringBootContextLoader
12:37:04.607 [main] DEBUG org.springframework.test.context.support.AbstractContextLoader -- Could not detect default resource locations for test class [com.olimpus.security.SecurityApplicationTests]: no resource found for suffixes {-context.xml, Context.groovy}.
12:37:04.608 [main] INFO org.springframework.test.context.support.AnnotationConfigContextLoaderUtils -- Could not detect default configuration classes for test class [com.olimpus.security.SecurityApplicationTests]: SecurityApplicationTests does not declare any static, non-private, non-final, nested classes annotated with @Configuration.
12:37:04.674 [main] DEBUG org.springframework.boot.test.context.SpringBootTestContextBootstrapper -- Using ContextCustomizers for test class [SecurityApplicationTests]: [ExcludeFilterContextCustomizer, DuplicateJsonObjectContextCustomizer, MockitoContextCustomizer, TestRestTemplateContextCustomizer, DisableObservabilityContextCustomizer, PropertyMappingContextCustomizer, Customizer]
12:37:04.867 [main] DEBUG org.springframework.context.annotation.ClassPathScanningCandidateComponentProvider -- Identified candidate component class: file [C:\Users\RUBEN\archetypes-java\ms-spring-sec\target\classes\com\olimpus\security\SecurityApplication.class]
12:37:04.872 [main] INFO org.springframework.boot.test.context.SpringBootTestContextBootstrapper -- Found @SpringBootConfiguration com.olimpus.security.SecurityApplication for test class com.olimpus.security.SecurityApplicationTests
12:37:05.268 [main] DEBUG org.springframework.boot.test.context.SpringBootTestContextBootstrapper -- Using TestExecutionListeners for test class [SecurityApplicationTests]: [ServletTestExecutionListener, DirtiesContextBeforeModesTestExecutionListener, ApplicationEventsTestExecutionListener, MockitoTestExecutionListener, DependencyInjectionTestExecutionListener, DirtiesContextTestExecutionListener, TransactionalTestExecutionListener, SqlScriptsTestExecutionListener, EventPublishingTestExecutionListener, WithSecurityContextTestExecutionListener, ReactorContextTestExecutionListener, ResetMocksTestExecutionListener, RestDocsTestExecutionListener, MockRestServiceServerResetTestExecutionListener, MockMvcPrintOnlyOnFailureTestExecutionListener, WebDriverTestExecutionListener, MockWebServiceServerTestExecutionListener]
12:37:05.276 [main] DEBUG org.springframework.test.context.support.AbstractDirtiesContextTestExecutionListener -- Before test class: class [SecurityApplicationTests], class annotated with @DirtiesContext [false] with mode [null]
 ,---.               ,--.                 ,---.                             ,--.  ,--.             ,-----.   ,---.  ,--. ,--.,--------.,--.  ,--. ,---.  
'   .-' ,---. ,--.--.`--',--,--,  ,---.  '   .-' ,---.  ,---.,--.,--.,--.--.`--',-'  '-.,--. ,--. '  .-.  ' /  O  \ |  | |  |'--.  .--'|  '--'  |'.-.  \ 
`.  `-.| .-. ||  .--',--.|      \| .-. | `.  `-.| .-. :| .--'|  ||  ||  .--',--.'-.  .-' \  '  /  |  | |  ||  .-.  ||  | |  |   |  |   |  .--.  | .-' .' 
.-'    | '-' '|  |   |  ||  ||  |' '-' ' .-'    \   --.\ `--.'  ''  '|  |   |  |  |  |    \   '   '  '-'  '|  | |  |'  '-'  '   |  |   |  |  |  |/   '-. 
`-----'|  |-' `--'   `--'`--''--'.`-  /  `-----' `----' `---' `----' `--'   `--'  `--'  .-'  /     `-----' `--' `--' `-----'    `--'   `--'  `--''-----'
2024-03-01T12:37:07.197-05:00  INFO 9012 --- [           main] c.o.security.SecurityApplicationTests    : Starting SecurityApplicationTests using Java 17.0.9 with PID 9012 (started by RUBEN in C:\Users\RUBEN\archetypes-java\ms-spring-sec)
2024-03-01T12:37:07.203-05:00  INFO 9012 --- [           main] c.o.security.SecurityApplicationTests    : No active profile set, falling back to 1 default profile: "default"
2024-03-01T12:37:10.347-05:00  INFO 9012 --- [           main] .s.d.r.c.RepositoryConfigurationDelegate : Bootstrapping Spring Data JPA repositories in DEFAULT mode.
2024-03-01T12:37:10.470-05:00  INFO 9012 --- [           main] .s.d.r.c.RepositoryConfigurationDelegate : Finished Spring Data repository scanning in 109 ms. Found 1 JPA repository interfaces.
2024-03-01T12:37:11.603-05:00  INFO 9012 --- [           main] o.hibernate.jpa.internal.util.LogHelper  : HHH000204: Processing PersistenceUnitInfo [name: default]
2024-03-01T12:37:11.759-05:00  INFO 9012 --- [           main] org.hibernate.Version                    : HHH000412: Hibernate ORM core version 6.2.1.Final
2024-03-01T12:37:11.766-05:00  INFO 9012 --- [           main] org.hibernate.cfg.Environment            : HHH000406: Using bytecode reflection optimizer
2024-03-01T12:37:12.268-05:00  INFO 9012 --- [           main] o.h.b.i.BytecodeProviderInitiator        : HHH000021: Bytecode provider name : bytebuddy
2024-03-01T12:37:12.769-05:00  INFO 9012 --- [           main] o.s.o.j.p.SpringPersistenceUnitInfo      : No LoadTimeWeaver setup: ignoring JPA class transformer
2024-03-01T12:37:12.821-05:00  INFO 9012 --- [           main] com.zaxxer.hikari.HikariDataSource       : HikariPool-1 - Starting...
2024-03-01T12:37:13.277-05:00  INFO 9012 --- [           main] com.zaxxer.hikari.pool.HikariPool        : HikariPool-1 - Added connection conn0: url=jdbc:h2:mem:spring-security user=ROOT
2024-03-01T12:37:13.281-05:00  INFO 9012 --- [           main] com.zaxxer.hikari.HikariDataSource       : HikariPool-1 - Start completed.
2024-03-01T12:37:13.349-05:00  INFO 9012 --- [           main] SQL dialect                              : HHH000400: Using dialect: org.hibernate.dialect.H2Dialect, version: 2.1.214
2024-03-01T12:37:13.777-05:00  INFO 9012 --- [           main] o.h.b.i.BytecodeProviderInitiator        : HHH000021: Bytecode provider name : bytebuddy
2024-03-01T12:37:14.948-05:00  INFO 9012 --- [           main] o.h.e.t.j.p.i.JtaPlatformInitiator       : HHH000490: Using JtaPlatform implementation: [org.hibernate.engine.transaction.jta.platform.internal.NoJtaPlatform]
Hibernate: drop table if exists _user cascade 
Hibernate: create table _user (id integer generated by default as identity, email varchar(255) unique, first_name varchar(255), last_name varchar(255), password varchar(255), role varchar(255) check (role in ('USER','ADMIN')), primary key (id))
2024-03-01T12:37:15.011-05:00  INFO 9012 --- [           main] o.h.t.s.i.e.GenerationTargetToDatabase   : HHH000476: Executing script '[injected ScriptSourceInputNonExistentImpl script]'
2024-03-01T12:37:15.017-05:00  INFO 9012 --- [           main] j.LocalContainerEntityManagerFactoryBean : Initialized JPA EntityManagerFactory for persistence unit 'default'
2024-03-01T12:37:16.510-05:00  WARN 9012 --- [           main] JpaBaseConfiguration$JpaWebConfiguration : spring.jpa.open-in-view is enabled by default. Therefore, database queries may be performed during view rendering. Explicitly configure spring.jpa.open-in-view to disable this warning
2024-03-01T12:37:20.134-05:00  INFO 9012 --- [           main] o.s.s.web.DefaultSecurityFilterChain     : Will secure any request with [org.springframework.security.web.session.DisableEncodeUrlFilter@393d4e34, org.springframework.security.web.context.request.async.WebAsyncManagerIntegrationFilter@123d666b, org.springframework.security.web.context.SecurityContextHolderFilter@549be307, org.springframework.security.web.header.HeaderWriterFilter@76d220eb, org.springframework.security.web.authentication.logout.LogoutFilter@34dda1b4, com.olimpus.security.config.JwtAuthenticationFilter@1185b0b7, org.springframework.security.web.savedrequest.RequestCacheAwareFilter@59043128, org.springframework.security.web.servletapi.SecurityContextHolderAwareRequestFilter@420068a, org.springframework.security.web.authentication.AnonymousAuthenticationFilter@1f3310fc, org.springframework.security.web.session.SessionManagementFilter@3b6c55b6, org.springframework.security.web.access.ExceptionTranslationFilter@4ee80a94, org.springframework.security.web.access.intercept.AuthorizationFilter@6888746c]
2024-03-01T12:37:20.931-05:00  INFO 9012 --- [           main] o.s.b.a.h2.H2ConsoleAutoConfiguration    : H2 console available at '/h2'. Database available at 'jdbc:h2:mem:spring-security'
2024-03-01T12:37:21.059-05:00  INFO 9012 --- [           main] c.o.security.SecurityApplicationTests    : Started SecurityApplicationTests in 15.622 seconds (process running for 18.254)
]]></system-out>
  </testcase>
</testsuite>